# JRE version: OpenJDK Runtime Environment Zulu25.32+21-CA (25.0.2+10) (build 25.0.2+10-LTS)
# Java VM: OpenJDK 64-Bit Server VM Zulu25.32+21-CA (25.0.2+10-LTS, mixed mode, sharing, tiered, compressed oops, compressed class ptrs, g1 gc, bsd-aarch64)
GC Precious Log:
 CardTable entry size: 512
 Card Set container configuration: InlinePtr #cards 4 size 8 Array Of Cards #cards 16 size 48 Howl #buckets 8 coarsen threshold 3686 Howl Bitmap #cards 512 size 80 coarsen threshold 460 Card regions per heap region 1 cards per card region 4096
 CPUs: 8 total, 8 available
 Memory: 16384M
 Large Page Support: Disabled
 NUMA Support: Disabled
 Compressed Oops: Enabled (Zero based)
 Heap Region Size: 2M
 Heap Min Capacity: 8M
 Heap Initial Capacity: 256M
 Heap Max Capacity: 4G
 Pre-touch: Disabled
 Parallel Workers: 8
 Concurrent Workers: 2
 Concurrent Refinement Workers: 8
 Periodic GC: Disabled
Heap:
 garbage-first heap   total reserved 4194304K, committed 20480K, used 5924K [0x0000000700000000, 0x0000000800000000)
  region size 2048K, 1 young (2048K), 0 survivors (0K)
GC Heap Usage History (12 events):
Event: 0.094 {heap Before GC invocations=0 (full 0):
 garbage-first heap   total reserved 4194304K, committed 264192K, used 5255K [0x0000000700000000, 0x0000000800000000)
  region size 2048K, 3 young (6144K), 0 survivors (0K)
}
Event: 0.097 {heap After GC invocations=1 (full 1):
 garbage-first heap   total reserved 4194304K, committed 28672K, used 1679K [0x0000000700000000, 0x0000000800000000)
  region size 2048K, 0 young (0K), 0 survivors (0K)
}
Event: 0.199 {heap Before GC invocations=1 (full 1):
 garbage-first heap   total reserved 4194304K, committed 28672K, used 11919K [0x0000000700000000, 0x0000000800000000)
  region size 2048K, 5 young (10240K), 0 survivors (0K)
}
Event: 0.200 {heap After GC invocations=2 (full 1):
 garbage-first heap   total reserved 4194304K, committed 28672K, used 2959K [0x0000000700000000, 0x0000000800000000)
  region size 2048K, 1 young (2048K), 1 survivors (2048K)
}
Event: 0.209 {heap Before GC invocations=2 (full 1):
 garbage-first heap   total reserved 4194304K, committed 28672K, used 11151K [0x0000000700000000, 0x0000000800000000)
  region size 2048K, 5 young (10240K), 1 survivors (2048K)
}
Event: 0.211 {heap After GC invocations=3 (full 1):
 garbage-first heap   total reserved 4194304K, committed 28672K, used 3796K [0x0000000700000000, 0x0000000800000000)
  region size 2048K, 1 young (2048K), 1 survivors (2048K)
}
Event: 0.218 {heap Before GC invocations=3 (full 1):
 garbage-first heap   total reserved 4194304K, committed 28672K, used 11988K [0x0000000700000000, 0x0000000800000000)
  region size 2048K, 5 young (10240K), 1 survivors (2048K)
}
Event: 0.219 {heap After GC invocations=4 (full 1):
 garbage-first heap   total reserved 4194304K, committed 28672K, used 4608K [0x0000000700000000, 0x0000000800000000)
  region size 2048K, 1 young (2048K), 1 survivors (2048K)
}
Event: 0.227 {heap Before GC invocations=4 (full 1):
 garbage-first heap   total reserved 4194304K, committed 28672K, used 12800K [0x0000000700000000, 0x0000000800000000)
  region size 2048K, 5 young (10240K), 1 survivors (2048K)
}
Event: 0.228 {heap After GC invocations=5 (full 1):
 garbage-first heap   total reserved 4194304K, committed 28672K, used 5234K [0x0000000700000000, 0x0000000800000000)
  region size 2048K, 1 young (2048K), 1 survivors (2048K)
}
Event: 0.282 {heap Before GC invocations=5 (full 1):
 garbage-first heap   total reserved 4194304K, committed 28672K, used 13426K [0x0000000700000000, 0x0000000800000000)
  region size 2048K, 6 young (12288K), 1 survivors (2048K)
}
Event: 0.293 {heap After GC invocations=6 (full 2):
 garbage-first heap   total reserved 4194304K, committed 20480K, used 5924K [0x0000000700000000, 0x0000000800000000)
  region size 2048K, 0 young (0K), 0 survivors (0K)
}

