# JRE version: OpenJDK Runtime Environment Zulu25.32+21-CA (25.0.2+10) (build 25.0.2+10-LTS)
# Java VM: OpenJDK 64-Bit Server VM Zulu25.32+21-CA (25.0.2+10-LTS, mixed mode, sharing, tiered, compressed oops, compressed class ptrs, g1 gc, bsd-aarch64)
GC Precious Log:
 CardTable entry size: 512
 Card Set container configuration: InlinePtr #cards 4 size 8 Array Of Cards #cards 16 size 48 Howl #buckets 8 coarsen threshold 3686 Howl Bitmap #cards 512 size 80 coarsen threshold 460 Card regions per heap region 1 cards per card region 4096
 CPUs: 8 total, 8 available
 Memory: 16384M
 Large Page Support: Disabled
 NUMA Support: Disabled
 Compressed Oops: Enabled (Zero based)
 Heap Region Size: 2M
 Heap Min Capacity: 8M
 Heap Initial Capacity: 256M
 Heap Max Capacity: 4G
 Pre-touch: Disabled
 Parallel Workers: 8
 Concurrent Workers: 2
 Concurrent Refinement Workers: 8
 Periodic GC: Disabled
Heap:
 garbage-first heap   total reserved 4194304K, committed 34816K, used 7972K [0x0000000700000000, 0x0000000800000000)
  region size 2048K, 2 young (4096K), 0 survivors (0K)
GC Heap Usage History (12 events):
Event: 0.145 {heap Before GC invocations=0 (full 0):
 garbage-first heap   total reserved 4194304K, committed 264192K, used 5255K [0x0000000700000000, 0x0000000800000000)
  region size 2048K, 3 young (6144K), 0 survivors (0K)
}
Event: 0.149 {heap After GC invocations=1 (full 1):
 garbage-first heap   total reserved 4194304K, committed 28672K, used 1679K [0x0000000700000000, 0x0000000800000000)
  region size 2048K, 0 young (0K), 0 survivors (0K)
}
Event: 0.256 {heap Before GC invocations=1 (full 1):
 garbage-first heap   total reserved 4194304K, committed 28672K, used 11919K [0x0000000700000000, 0x0000000800000000)
  region size 2048K, 5 young (10240K), 0 survivors (0K)
}
Event: 0.258 {heap After GC invocations=2 (full 1):
 garbage-first heap   total reserved 4194304K, committed 28672K, used 2874K [0x0000000700000000, 0x0000000800000000)
  region size 2048K, 1 young (2048K), 1 survivors (2048K)
}
Event: 0.267 {heap Before GC invocations=2 (full 1):
 garbage-first heap   total reserved 4194304K, committed 28672K, used 11066K [0x0000000700000000, 0x0000000800000000)
  region size 2048K, 5 young (10240K), 1 survivors (2048K)
}
Event: 0.269 {heap After GC invocations=3 (full 1):
 garbage-first heap   total reserved 4194304K, committed 28672K, used 3661K [0x0000000700000000, 0x0000000800000000)
  region size 2048K, 1 young (2048K), 1 survivors (2048K)
}
Event: 0.277 {heap Before GC invocations=3 (full 1):
 garbage-first heap   total reserved 4194304K, committed 28672K, used 11853K [0x0000000700000000, 0x0000000800000000)
  region size 2048K, 5 young (10240K), 1 survivors (2048K)
}
Event: 0.277 {heap After GC invocations=4 (full 1):
 garbage-first heap   total reserved 4194304K, committed 28672K, used 4495K [0x0000000700000000, 0x0000000800000000)
  region size 2048K, 1 young (2048K), 1 survivors (2048K)
}
Event: 0.285 {heap Before GC invocations=4 (full 1):
 garbage-first heap   total reserved 4194304K, committed 28672K, used 12687K [0x0000000700000000, 0x0000000800000000)
  region size 2048K, 5 young (10240K), 1 survivors (2048K)
}
Event: 0.287 {heap After GC invocations=5 (full 1):
 garbage-first heap   total reserved 4194304K, committed 145408K, used 5253K [0x0000000700000000, 0x0000000800000000)
  region size 2048K, 1 young (2048K), 1 survivors (2048K)
}
Event: 0.348 {heap Before GC invocations=5 (full 1):
 garbage-first heap   total reserved 4194304K, committed 145408K, used 13445K [0x0000000700000000, 0x0000000800000000)
  region size 2048K, 6 young (12288K), 1 survivors (2048K)
}
Event: 0.355 {heap After GC invocations=6 (full 2):
 garbage-first heap   total reserved 4194304K, committed 34816K, used 5924K [0x0000000700000000, 0x0000000800000000)
  region size 2048K, 0 young (0K), 0 survivors (0K)
}

